<?xml version="1.0" encoding="UTF-8"?>
<!-- Generated by org.testng.reporters.JUnitReportReporter -->
<testsuite hostname="LP561" failures="0" tests="2" name="TestRunner.TestRunner" time="31.832" errors="0" timestamp="2024-11-08T15:30:19 IST" skipped="0">
  <testcase classname="TestRunner.TestRunner" name="runScenario" time="13.556"/>
  <system-out/>
  <testcase classname="TestRunner.TestRunner" name="runScenario" time="18.276"/>
  <system-out/>
</testsuite> <!-- TestRunner.TestRunner -->
